<part xmlns="urn:enonic:xp:model:1.0">
    <display-name>Rekruttering til brukertest</display-name>
    <form>
        <input type="ContentSelector" name="tests">
            <label>Velg test-gruppering</label>
            <occurrences minimum="1" maximum="1"/>
            <config>
                <allowContentType>${app}:randomized-test-recruiter</allowContentType>
            </config>
        </input>
        <input type="TextLine" name="selectedTestIds">
            <label>Plukk ut enkelte test(er)</label>
            <occurrences minimum="0" maximum="0"/>
        </input>
    </form>
</part>
